kazuha on screen since 0.4170833333333333
sakura on screen since 0.625625
kazuha left screen at 0.625625
sakura left screen at 0.8341666666666666
chaewon on screen since 1.25125
chaewon left screen at 1.4597916666666666
chaewon on screen since 1.6683333333333332
chaewon left screen at 1.8768749999999998
chaewon on screen since 2.919583333333333
sakura on screen since 3.3366666666666664
yunjin on screen since 3.3366666666666664
yunjin left screen at 3.545208333333333
sakura left screen at 3.545208333333333
chaewon left screen at 3.545208333333333
sakura on screen since 3.7537499999999997
yunjin on screen since 3.7537499999999997
chaewon on screen since 3.7537499999999997
kazuha on screen since 3.7537499999999997
yunjin left screen at 3.9622916666666663
sakura left screen at 3.9622916666666663
chaewon left screen at 3.9622916666666663
yunjin on screen since 4.170833333333333
chaewon on screen since 4.170833333333333
kazuha left screen at 4.170833333333333
kazuha on screen since 4.379375
yunjin left screen at 4.379375
kazuha left screen at 4.587916666666667
chaewon left screen at 4.587916666666667
yunjin on screen since 5.213541666666666
yunjin left screen at 5.422083333333333
yunjin on screen since 6.25625
yunjin left screen at 6.881874999999999
yunjin on screen since 7.090416666666666
yunjin left screen at 7.298958333333333
yunjin on screen since 7.507499999999999
yunjin left screen at 7.7160416666666665
yunjin on screen since 7.924583333333333
yunjin left screen at 8.133125
yunjin on screen since 8.341666666666667
yunjin left screen at 8.550208333333332
yunjin on screen since 8.75875
yunjin left screen at 8.967291666666666
yunjin on screen since 9.175833333333333
yunjin left screen at 9.384374999999999
yunjin on screen since 9.592916666666666
sakura on screen since 9.801458333333333
yunjin left screen at 9.801458333333333
sakura left screen at 10.218541666666665
sakura on screen since 10.427083333333332
sakura left screen at 10.635625
sakura on screen since 10.844166666666666
chaewon on screen since 11.052708333333333
sakura left screen at 11.052708333333333
eunchae on screen since 11.261249999999999
chaewon left screen at 11.261249999999999
chaewon on screen since 11.469791666666666
eunchae left screen at 11.469791666666666
sakura on screen since 11.678333333333333
chaewon left screen at 11.678333333333333
chaewon on screen since 11.886875
sakura left screen at 11.886875
sakura on screen since 12.095416666666665
chaewon left screen at 12.095416666666665
sakura left screen at 12.303958333333332
sakura on screen since 12.721041666666666
sakura left screen at 12.929583333333332
sakura on screen since 13.138124999999999
sakura left screen at 13.346666666666666
sakura on screen since 13.555208333333333
sakura left screen at 13.763749999999998
sakura on screen since 13.972291666666665
kazuha on screen since 14.180833333333332
sakura left screen at 14.180833333333332
kazuha left screen at 14.389375
eunchae on screen since 15.014999999999999
eunchae left screen at 15.223541666666666
chaewon on screen since 15.432083333333333
chaewon left screen at 15.640624999999998
eunchae on screen since 15.849166666666665
eunchae left screen at 16.05770833333333
yunjin on screen since 17.100416666666664
yunjin left screen at 17.308958333333333
eunchae on screen since 17.726041666666667
eunchae left screen at 17.934583333333332
eunchae on screen since 18.143124999999998
eunchae left screen at 18.560208333333332
eunchae on screen since 18.768749999999997
eunchae left screen at 18.977291666666666
kazuha on screen since 19.18583333333333
kazuha left screen at 19.394375
kazuha on screen since 19.602916666666665
kazuha left screen at 19.81145833333333
kazuha on screen since 20.02
kazuha left screen at 20.228541666666665
kazuha on screen since 20.43708333333333
kazuha left screen at 20.645625
yunjin on screen since 21.896874999999998
yunjin left screen at 22.105416666666667
kazuha on screen since 22.522499999999997
kazuha left screen at 22.731041666666666
kazuha on screen since 23.148124999999997
kazuha left screen at 23.356666666666666
kazuha on screen since 23.56520833333333
kazuha left screen at 23.77375
chaewon on screen since 23.982291666666665
kazuha on screen since 23.982291666666665
sakura on screen since 23.982291666666665
kazuha left screen at 24.19083333333333
sakura left screen at 24.19083333333333
chaewon left screen at 24.19083333333333
chaewon on screen since 24.399375
chaewon left screen at 24.607916666666664
chaewon on screen since 24.816458333333333
chaewon left screen at 25.025
chaewon on screen since 25.233541666666664
chaewon left screen at 25.442083333333333
chaewon on screen since 25.650624999999998
chaewon left screen at 25.859166666666663
chaewon on screen since 26.067708333333332
chaewon left screen at 26.276249999999997
chaewon on screen since 26.484791666666666
chaewon left screen at 26.69333333333333
chaewon on screen since 27.736041666666665
chaewon left screen at 27.94458333333333
chaewon on screen since 28.153125
chaewon left screen at 28.361666666666665
chaewon on screen since 28.57020833333333
chaewon left screen at 28.77875
chaewon on screen since 28.987291666666664
chaewon left screen at 29.195833333333333
yunjin on screen since 29.612916666666663
yunjin left screen at 29.821458333333332
sakura on screen since 30.029999999999998
sakura left screen at 30.238541666666663
sakura on screen since 30.44708333333333
sakura left screen at 30.655624999999997
sakura on screen since 30.864166666666666
sakura left screen at 31.07270833333333
sakura on screen since 32.5325
sakura left screen at 32.74104166666667
sakura on screen since 32.94958333333333
chaewon on screen since 32.94958333333333
kazuha on screen since 33.158125
sakura left screen at 33.158125
chaewon left screen at 33.158125
sakura on screen since 33.36666666666667
chaewon on screen since 33.36666666666667
kazuha left screen at 33.36666666666667
sakura left screen at 33.57520833333333
chaewon left screen at 33.57520833333333
yunjin on screen since 34.20083333333333
yunjin left screen at 34.617916666666666
sakura on screen since 34.82645833333333
kazuha on screen since 34.82645833333333
sakura left screen at 35.035
kazuha left screen at 35.035
sakura on screen since 35.243541666666665
sakura left screen at 35.452083333333334
sakura on screen since 35.660624999999996
sakura left screen at 35.869166666666665
eunchae on screen since 36.077708333333334
eunchae left screen at 36.286249999999995
eunchae on screen since 36.494791666666664
eunchae left screen at 36.70333333333333
eunchae on screen since 36.911874999999995
eunchae left screen at 37.120416666666664
chaewon on screen since 37.74604166666666
kazuha on screen since 37.95458333333333
eunchae on screen since 38.163124999999994
kazuha left screen at 38.163124999999994
chaewon left screen at 38.163124999999994
chaewon on screen since 38.37166666666666
eunchae left screen at 38.37166666666666
eunchae on screen since 38.58020833333333
chaewon left screen at 38.58020833333333
chaewon on screen since 38.78875
eunchae left screen at 38.78875
chaewon left screen at 38.99729166666666
yunjin on screen since 39.20583333333333
eunchae on screen since 39.20583333333333
yunjin left screen at 39.414375
eunchae left screen at 39.414375
chaewon on screen since 40.87416666666666
chaewon left screen at 41.08270833333333
eunchae on screen since 41.29125
yunjin on screen since 41.49979166666667
eunchae left screen at 41.49979166666667
kazuha on screen since 41.916875
chaewon on screen since 42.125416666666666
eunchae on screen since 42.125416666666666
yunjin left screen at 42.125416666666666
kazuha left screen at 42.125416666666666
chaewon left screen at 42.33395833333333
eunchae left screen at 42.33395833333333
eunchae on screen since 43.376666666666665
eunchae left screen at 43.58520833333333
eunchae on screen since 43.793749999999996
chaewon on screen since 44.002291666666665
eunchae left screen at 44.002291666666665
chaewon left screen at 44.21083333333333
chaewon on screen since 44.419374999999995
chaewon left screen at 44.627916666666664
chaewon on screen since 44.83645833333333
chaewon left screen at 45.044999999999995
chaewon on screen since 45.25354166666666
chaewon left screen at 45.46208333333333
chaewon on screen since 45.670624999999994
chaewon left screen at 45.87916666666666
chaewon on screen since 46.08770833333333
chaewon left screen at 46.29624999999999
yunjin on screen since 52.34395833333333
sakura on screen since 52.34395833333333
yunjin left screen at 52.552499999999995
sakura left screen at 52.552499999999995
sakura on screen since 52.761041666666664
chaewon on screen since 52.761041666666664
kazuha on screen since 52.96958333333333
yunjin on screen since 52.96958333333333
sakura left screen at 52.96958333333333
chaewon left screen at 52.96958333333333
eunchae on screen since 53.178124999999994
yunjin left screen at 53.178124999999994
kazuha left screen at 53.178124999999994
eunchae left screen at 53.38666666666666
yunjin on screen since 53.59520833333333
kazuha on screen since 53.59520833333333
yunjin left screen at 53.803749999999994
kazuha left screen at 53.803749999999994
eunchae on screen since 54.01229166666666
eunchae left screen at 54.22083333333333
